# Adding 1 initial configuration(s) from file '/home/sergi/Documents/Gitlab/draga-2d/irace/default.txt' 
# 2018-05-04 12:32:55 CEST: Initialization
# Elitist race
# Elitist new instances: 1
# Elitist limit: 2
# nbIterations: 3
# minNbSurvival: 3
# nbParameters: 3
# seed: 1840641302
# confidence level: 0.95
# budget: 300
# mu: 5
# deterministic: FALSE

# 2018-05-04 12:32:55 CEST: Iteration 1 of 3
# experimentsUsedSoFar: 0
# remainingBudget: 300
# currentBudget: 100
# nbConfigurations: 16
  Markers:
     x No test is performed.
     - The test is performed and some configurations are discarded.
     = The test is performed but no configuration is discarded.
     ! The test is performed and configurations could be discarded but elite configurations are preserved.
                                                                   
+-+-----------+-----------+-----------+---------------+-----------+--------+-----+----+------+
| |   Instance|      Alive|       Best|      Mean best| Exp so far|  W time|  rho|KenW|  Qvar|
+-+-----------+-----------+-----------+---------------+-----------+--------+-----+----+------+
|x|          1|         16|          1|    1353.000000|         16|07:21:50|   NA|  NA|    NA|
|x|          2|         16|          8|    1465.500000|         32|07:24:15|+0.40|0.70|0.1095|
|x|          3|         16|          6|    1819.000000|         48|07:22:03|+0.59|0.73|0.0932|
|x|          4|         16|          6|    1589.250000|         64|07:26:34|+0.70|0.77|0.0858|
|-|          5|          5|          6|    1460.800000|         80|07:34:54|-0.02|0.18|0.6262|
|=|          6|          5|          6|    1507.833333|         85|01:00:16|+0.09|0.24|0.5562|
|=|          7|          5|          6|    1545.285714|         90|00:59:10|+0.05|0.18|0.6322|
+-+-----------+-----------+-----------+---------------+-----------+--------+-----+----+------+
Best configuration:           6    mean value:     1545.285714
Description of the best configuration:
  .ID. exploration gamma learn_rate .PARENT.
6    6        0.07  0.57       0.44       NA

# 2018-05-06 03:42:01 CEST: Elite configurations (first number is the configuration ID; listed from best to worst according to the sum of ranks):
   exploration gamma learn_rate
6         0.07  0.57       0.44
8         0.31  0.96       0.06
12        0.29  0.76       0.08
# 2018-05-06 03:42:01 CEST: Iteration 2 of 3
# experimentsUsedSoFar: 90
# remainingBudget: 210
# currentBudget: 105
# nbConfigurations: 15
  Markers:
     x No test is performed.
     - The test is performed and some configurations are discarded.
     = The test is performed but no configuration is discarded.
     ! The test is performed and configurations could be discarded but elite configurations are preserved.
                                                                   
+-+-----------+-----------+-----------+---------------+-----------+--------+-----+----+------+
| |   Instance|      Alive|       Best|      Mean best| Exp so far|  W time|  rho|KenW|  Qvar|
+-+-----------+-----------+-----------+---------------+-----------+--------+-----+----+------+
|x|          8|         15|          8|    1019.000000|         15|03:11:27|   NA|  NA|    NA|
|x|          1|         15|         19|    1211.000000|         27|02:35:10|+0.49|0.74|0.4032|
|x|          5|         15|         19|    1282.000000|         39|02:36:20|+0.58|0.72|0.3042|
|x|          7|         15|         19|    1263.750000|         51|02:37:07|+0.51|0.63|0.3356|
|-|          2|          9|         19|    1270.200000|         63|02:37:43|-0.09|0.13|0.9919|
|=|          6|          9|         24|    1360.000000|         69|01:03:45|-0.10|0.08|0.9613|
|=|          3|          9|         19|    1367.000000|         75|01:05:30|-0.03|0.11|0.8860|
|=|          4|          9|         19|    1353.625000|         81|01:04:10|-0.01|0.12|0.8860|
|=|          9|          9|         23|    1294.333333|         90|01:40:36|+0.02|0.13|0.8621|
+-+-----------+-----------+-----------+---------------+-----------+--------+-----+----+------+
Best configuration:          23    mean value:     1294.333333
Description of the best configuration:
   .ID. exploration gamma learn_rate .PARENT.
23   23         0.3  0.81       0.63        6

# 2018-05-06 22:13:55 CEST: Elite configurations (first number is the configuration ID; listed from best to worst according to the sum of ranks):
   exploration gamma learn_rate
23        0.30  0.81       0.63
24        0.07  0.65       0.27
17        0.32  0.85       0.26
# 2018-05-06 22:13:55 CEST: Iteration 3 of 3
# experimentsUsedSoFar: 180
# remainingBudget: 120
# currentBudget: 120
# nbConfigurations: 14
  Markers:
     x No test is performed.
     - The test is performed and some configurations are discarded.
     = The test is performed but no configuration is discarded.
     ! The test is performed and configurations could be discarded but elite configurations are preserved.
                                                                   
+-+-----------+-----------+-----------+---------------+-----------+--------+-----+----+------+
| |   Instance|      Alive|       Best|      Mean best| Exp so far|  W time|  rho|KenW|  Qvar|
+-+-----------+-----------+-----------+---------------+-----------+--------+-----+----+------+
|x|         10|         14|         39|    1097.000000|         14|02:40:30|   NA|  NA|    NA|
|x|          7|         14|         32|    1160.000000|         25|02:06:09|+0.13|0.56|0.7603|
|x|          6|         14|         23|    1277.333333|         36|02:06:19|+0.28|0.52|0.7819|
|x|          1|         14|         34|    1310.250000|         47|02:08:04|+0.16|0.37|0.8159|
|=|          3|         14|         39|    1306.200000|         58|02:05:53|+0.13|0.30|0.8470|
|-|          4|         11|         23|    1362.166667|         69|02:07:26|-0.02|0.15|0.9857|
|=|          8|         11|         23|    1342.857143|         77|01:26:13|-0.02|0.13|0.9529|
|=|          9|         11|         23|    1325.625000|         85|01:25:08|+0.02|0.15|0.9168|
|=|          5|         11|         23|    1302.666667|         93|01:25:50|+0.07|0.17|0.8710|
|=|          2|         11|         23|    1300.200000|        101|01:27:08|+0.06|0.16|0.8757|
|=|         11|         11|         23|    1309.545455|        112|01:56:59|+0.06|0.14|0.8624|
+-+-----------+-----------+-----------+---------------+-----------+--------+-----+----+------+
Best configuration:          23    mean value:     1309.545455
Description of the best configuration:
   .ID. exploration gamma learn_rate .PARENT.
23   23         0.3  0.81       0.63        6

# 2018-05-07 19:09:38 CEST: Elite configurations (first number is the configuration ID; listed from best to worst according to the sum of ranks):
   exploration gamma learn_rate
23        0.30  0.81       0.63
34        0.20  0.73       0.65
24        0.07  0.65       0.27
# 2018-05-07 19:09:38 CEST: Stopped because there is not enough budget left to race more than the minimum (3)
# You may either increase the budget or set 'minNbSurvival' to a lower value
# Iteration: 4
# nbIterations: 4
# experimentsUsedSoFar: 292
# timeUsed: 0
# remainingBudget: 8
# currentBudget: 8
# number of elites: 3
# nbConfigurations: 3
   .ID. exploration gamma learn_rate .PARENT. .ALIVE. .RANK.  .WEIGHT.
23   23        0.30  0.81       0.63        6    TRUE     47 0.5000000
34   34        0.20  0.73       0.65       23    TRUE     53 0.3333333
24   24        0.07  0.65       0.27        6    TRUE     54 0.1666667
